# JRE version: OpenJDK Runtime Environment (8.0_76-b03) (build 1.8.0_76-release-b03)
# Java VM: OpenJDK 64-Bit Server VM (25.76-b03 mixed mode windows-amd64 compressed oops)
Heap:
 PSYoungGen      total 234496K, used 71014K [0x00000000e0000000, 0x00000000ef900000, 0x0000000100000000)
  eden space 217088K, 27% used [0x00000000e0000000,0x00000000e3ae10c8,0x00000000ed400000)
  from space 17408K, 61% used [0x00000000ee800000,0x00000000ef278930,0x00000000ef900000)
  to   space 18944K, 0% used [0x00000000ed400000,0x00000000ed400000,0x00000000ee680000)
 ParOldGen       total 149504K, used 60524K [0x00000000a0000000, 0x00000000a9200000, 0x00000000e0000000)
  object space 149504K, 40% used [0x00000000a0000000,0x00000000a3b1b370,0x00000000a9200000)
 Metaspace       used 78710K, capacity 83686K, committed 84096K, reserved 1122304K
  class space    used 9669K, capacity 10438K, committed 10624K, reserved 1048576K
GC Heap History (10 events):
Event: 9698.214 GC heap before
{Heap before GC invocations=62 (full 13):
 PSYoungGen      total 244736K, used 236386K [0x00000000e0000000, 0x00000000f0500000, 0x0000000100000000)
  eden space 223744K, 100% used [0x00000000e0000000,0x00000000eda80000,0x00000000eda80000)
  from space 20992K, 60% used [0x00000000eee80000,0x00000000efad8b38,0x00000000f0300000)
  to   space 20480K, 0% used [0x00000000eda80000,0x00000000eda80000,0x00000000eee80000)
 ParOldGen       total 149504K, used 60755K [0x00000000a0000000, 0x00000000a9200000, 0x00000000e0000000)
  object space 149504K, 40% used [0x00000000a0000000,0x00000000a3b54f20,0x00000000a9200000)
 Metaspace       used 78331K, capacity 83010K, committed 83200K, reserved 1122304K
  class space    used 9622K, capacity 10365K, committed 10496K, reserved 1048576K
Event: 9698.224 GC heap after
Heap after GC invocations=62 (full 13):
 PSYoungGen      total 225792K, used 9786K [0x00000000e0000000, 0x00000000ef980000, 0x0000000100000000)
  eden space 215552K, 0% used [0x00000000e0000000,0x00000000e0000000,0x00000000ed280000)
  from space 10240K, 95% used [0x00000000eda80000,0x00000000ee40ead0,0x00000000ee480000)
  to   space 19968K, 0% used [0x00000000ee600000,0x00000000ee600000,0x00000000ef980000)
 ParOldGen       total 149504K, used 60763K [0x00000000a0000000, 0x00000000a9200000, 0x00000000e0000000)
  object space 149504K, 40% used [0x00000000a0000000,0x00000000a3b56f20,0x00000000a9200000)
 Metaspace       used 78331K, capacity 83010K, committed 83200K, reserved 1122304K
  class space    used 9622K, capacity 10365K, committed 10496K, reserved 1048576K
}
Event: 9703.882 GC heap before
{Heap before GC invocations=63 (full 13):
 PSYoungGen      total 225792K, used 106149K [0x00000000e0000000, 0x00000000ef980000, 0x0000000100000000)
  eden space 215552K, 44% used [0x00000000e0000000,0x00000000e5e1ace0,0x00000000ed280000)
  from space 10240K, 95% used [0x00000000eda80000,0x00000000ee40ead0,0x00000000ee480000)
  to   space 19968K, 0% used [0x00000000ee600000,0x00000000ee600000,0x00000000ef980000)
 ParOldGen       total 149504K, used 60763K [0x00000000a0000000, 0x00000000a9200000, 0x00000000e0000000)
  object space 149504K, 40% used [0x00000000a0000000,0x00000000a3b56f20,0x00000000a9200000)
 Metaspace       used 78410K, capacity 83128K, committed 83456K, reserved 1122304K
  class space    used 9627K, capacity 10374K, committed 10496K, reserved 1048576K
Event: 9703.898 GC heap after
Heap after GC invocations=63 (full 13):
 PSYoungGen      total 235520K, used 5090K [0x00000000e0000000, 0x00000000ef980000, 0x0000000100000000)
  eden space 215552K, 0% used [0x00000000e0000000,0x00000000e0000000,0x00000000ed280000)
  from space 19968K, 25% used [0x00000000ee600000,0x00000000eeaf8b38,0x00000000ef980000)
  to   space 19968K, 0% used [0x00000000ed280000,0x00000000ed280000,0x00000000ee600000)
 ParOldGen       total 149504K, used 60771K [0x00000000a0000000, 0x00000000a9200000, 0x00000000e0000000)
  object space 149504K, 40% used [0x00000000a0000000,0x00000000a3b58f20,0x00000000a9200000)
 Metaspace       used 78410K, capacity 83128K, committed 83456K, reserved 1122304K
  class space    used 9627K, capacity 10374K, committed 10496K, reserved 1048576K
}
Event: 9703.898 GC heap before
{Heap before GC invocations=64 (full 14):
 PSYoungGen      total 235520K, used 5090K [0x00000000e0000000, 0x00000000ef980000, 0x0000000100000000)
  eden space 215552K, 0% used [0x00000000e0000000,0x00000000e0000000,0x00000000ed280000)
  from space 19968K, 25% used [0x00000000ee600000,0x00000000eeaf8b38,0x00000000ef980000)
  to   space 19968K, 0% used [0x00000000ed280000,0x00000000ed280000,0x00000000ee600000)
 ParOldGen       total 149504K, used 60771K [0x00000000a0000000, 0x00000000a9200000, 0x00000000e0000000)
  object space 149504K, 40% used [0x00000000a0000000,0x00000000a3b58f20,0x00000000a9200000)
 Metaspace       used 78410K, capacity 83128K, committed 83456K, reserved 1122304K
  class space    used 9627K, capacity 10374K, committed 10496K, reserved 1048576K
Event: 9704.249 GC heap after
Heap after GC invocations=64 (full 14):
 PSYoungGen      total 235520K, used 0K [0x00000000e0000000, 0x00000000ef980000, 0x0000000100000000)
  eden space 215552K, 0% used [0x00000000e0000000,0x00000000e0000000,0x00000000ed280000)
  from space 19968K, 0% used [0x00000000ee600000,0x00000000ee600000,0x00000000ef980000)
  to   space 19968K, 0% used [0x00000000ed280000,0x00000000ed280000,0x00000000ee600000)
 ParOldGen       total 149504K, used 60516K [0x00000000a0000000, 0x00000000a9200000, 0x00000000e0000000)
  object space 149504K, 40% used [0x00000000a0000000,0x00000000a3b19370,0x00000000a9200000)
 Metaspace       used 78374K, capacity 83062K, committed 83456K, reserved 1122304K
  class space    used 9618K, capacity 10358K, committed 10496K, reserved 1048576K
}
Event: 9759.603 GC heap before
{Heap before GC invocations=65 (full 14):
 PSYoungGen      total 235520K, used 215552K [0x00000000e0000000, 0x00000000ef980000, 0x0000000100000000)
  eden space 215552K, 100% used [0x00000000e0000000,0x00000000ed280000,0x00000000ed280000)
  from space 19968K, 0% used [0x00000000ee600000,0x00000000ee600000,0x00000000ef980000)
  to   space 19968K, 0% used [0x00000000ed280000,0x00000000ed280000,0x00000000ee600000)
 ParOldGen       total 149504K, used 60516K [0x00000000a0000000, 0x00000000a9200000, 0x00000000e0000000)
  object space 149504K, 40% used [0x00000000a0000000,0x00000000a3b19370,0x00000000a9200000)
 Metaspace       used 78508K, capacity 83282K, committed 83456K, reserved 1122304K
  class space    used 9638K, capacity 10388K, committed 10496K, reserved 1048576K
Event: 9759.613 GC heap after
Heap after GC invocations=65 (full 14):
 PSYoungGen      total 235520K, used 12018K [0x00000000e0000000, 0x00000000efb80000, 0x0000000100000000)
  eden space 215552K, 0% used [0x00000000e0000000,0x00000000e0000000,0x00000000ed280000)
  from space 19968K, 60% used [0x00000000ed280000,0x00000000ede3cb08,0x00000000ee600000)
  to   space 19968K, 0% used [0x00000000ee800000,0x00000000ee800000,0x00000000efb80000)
 ParOldGen       total 149504K, used 60524K [0x00000000a0000000, 0x00000000a9200000, 0x00000000e0000000)
  object space 149504K, 40% used [0x00000000a0000000,0x00000000a3b1b370,0x00000000a9200000)
 Metaspace       used 78508K, capacity 83282K, committed 83456K, reserved 1122304K
  class space    used 9638K, capacity 10388K, committed 10496K, reserved 1048576K
}
Event: 9884.928 GC heap before
{Heap before GC invocations=66 (full 14):
 PSYoungGen      total 235520K, used 227570K [0x00000000e0000000, 0x00000000efb80000, 0x0000000100000000)
  eden space 215552K, 100% used [0x00000000e0000000,0x00000000ed280000,0x00000000ed280000)
  from space 19968K, 60% used [0x00000000ed280000,0x00000000ede3cb08,0x00000000ee600000)
  to   space 19968K, 0% used [0x00000000ee800000,0x00000000ee800000,0x00000000efb80000)
 ParOldGen       total 149504K, used 60524K [0x00000000a0000000, 0x00000000a9200000, 0x00000000e0000000)
  object space 149504K, 40% used [0x00000000a0000000,0x00000000a3b1b370,0x00000000a9200000)
 Metaspace       used 78635K, capacity 83638K, committed 83840K, reserved 1122304K
  class space    used 9664K, capacity 10430K, committed 10624K, reserved 1048576K
Event: 9884.940 GC heap after
Heap after GC invocations=66 (full 14):
 PSYoungGen      total 234496K, used 10722K [0x00000000e0000000, 0x00000000ef900000, 0x0000000100000000)
  eden space 217088K, 0% used [0x00000000e0000000,0x00000000e0000000,0x00000000ed400000)
  from space 17408K, 61% used [0x00000000ee800000,0x00000000ef278930,0x00000000ef900000)
  to   space 18944K, 0% used [0x00000000ed400000,0x00000000ed400000,0x00000000ee680000)
 ParOldGen       total 149504K, used 60524K [0x00000000a0000000, 0x00000000a9200000, 0x00000000e0000000)
  object space 149504K, 40% used [0x00000000a0000000,0x00000000a3b1b370,0x00000000a9200000)
 Metaspace       used 78635K, capacity 83638K, committed 83840K, reserved 1122304K
  class space    used 9664K, capacity 10430K, committed 10624K, reserved 1048576K
}

