# JRE version: OpenJDK Runtime Environment (8.0_76-b03) (build 1.8.0_76-release-b03)
# Java VM: OpenJDK 64-Bit Server VM (25.76-b03 mixed mode windows-amd64 compressed oops)
Heap:
 PSYoungGen      total 349696K, used 52222K [0x00000000e0000000, 0x0000000100000000, 0x0000000100000000)
  eden space 175104K, 0% used [0x00000000e0000000,0x00000000e0000000,0x00000000eab00000)
  from space 174592K, 29% used [0x00000000eab00000,0x00000000eddffa98,0x00000000f5580000)
  to   space 174592K, 0% used [0x00000000f5580000,0x00000000f5580000,0x0000000100000000)
 ParOldGen       total 492544K, used 425989K [0x00000000a0000000, 0x00000000be100000, 0x00000000e0000000)
  object space 492544K, 86% used [0x00000000a0000000,0x00000000ba001590,0x00000000be100000)
 Metaspace       used 89857K, capacity 93144K, committed 93312K, reserved 1130496K
  class space    used 10974K, capacity 11581K, committed 11648K, reserved 1048576K
GC Heap History (10 events):
Event: 1993.764 GC heap after
Heap after GC invocations=121 (full 14):
 PSYoungGen      total 349696K, used 116520K [0x00000000e0000000, 0x0000000100000000, 0x0000000100000000)
  eden space 175104K, 0% used [0x00000000e0000000,0x00000000e0000000,0x00000000eab00000)
  from space 174592K, 66% used [0x00000000eab00000,0x00000000f1cca038,0x00000000f5580000)
  to   space 174592K, 0% used [0x00000000f5580000,0x00000000f5580000,0x0000000100000000)
 ParOldGen       total 492544K, used 260462K [0x00000000a0000000, 0x00000000be100000, 0x00000000e0000000)
  object space 492544K, 52% used [0x00000000a0000000,0x00000000afe5bb38,0x00000000be100000)
 Metaspace       used 89857K, capacity 93144K, committed 93312K, reserved 1130496K
  class space    used 10974K, capacity 11581K, committed 11648K, reserved 1048576K
}
Event: 1993.937 GC heap before
{Heap before GC invocations=122 (full 14):
 PSYoungGen      total 349696K, used 291624K [0x00000000e0000000, 0x0000000100000000, 0x0000000100000000)
  eden space 175104K, 100% used [0x00000000e0000000,0x00000000eab00000,0x00000000eab00000)
  from space 174592K, 66% used [0x00000000eab00000,0x00000000f1cca038,0x00000000f5580000)
  to   space 174592K, 0% used [0x00000000f5580000,0x00000000f5580000,0x0000000100000000)
 ParOldGen       total 492544K, used 260462K [0x00000000a0000000, 0x00000000be100000, 0x00000000e0000000)
  object space 492544K, 52% used [0x00000000a0000000,0x00000000afe5bb38,0x00000000be100000)
 Metaspace       used 89857K, capacity 93144K, committed 93312K, reserved 1130496K
  class space    used 10974K, capacity 11581K, committed 11648K, reserved 1048576K
Event: 1994.104 GC heap after
Heap after GC invocations=122 (full 14):
 PSYoungGen      total 349696K, used 111239K [0x00000000e0000000, 0x0000000100000000, 0x0000000100000000)
  eden space 175104K, 0% used [0x00000000e0000000,0x00000000e0000000,0x00000000eab00000)
  from space 174592K, 63% used [0x00000000f5580000,0x00000000fc221ca0,0x0000000100000000)
  to   space 174592K, 0% used [0x00000000eab00000,0x00000000eab00000,0x00000000f5580000)
 ParOldGen       total 492544K, used 291735K [0x00000000a0000000, 0x00000000be100000, 0x00000000e0000000)
  object space 492544K, 59% used [0x00000000a0000000,0x00000000b1ce5f78,0x00000000be100000)
 Metaspace       used 89857K, capacity 93144K, committed 93312K, reserved 1130496K
  class space    used 10974K, capacity 11581K, committed 11648K, reserved 1048576K
}
Event: 1994.414 GC heap before
{Heap before GC invocations=123 (full 14):
 PSYoungGen      total 349696K, used 286343K [0x00000000e0000000, 0x0000000100000000, 0x0000000100000000)
  eden space 175104K, 100% used [0x00000000e0000000,0x00000000eab00000,0x00000000eab00000)
  from space 174592K, 63% used [0x00000000f5580000,0x00000000fc221ca0,0x0000000100000000)
  to   space 174592K, 0% used [0x00000000eab00000,0x00000000eab00000,0x00000000f5580000)
 ParOldGen       total 492544K, used 291735K [0x00000000a0000000, 0x00000000be100000, 0x00000000e0000000)
  object space 492544K, 59% used [0x00000000a0000000,0x00000000b1ce5f78,0x00000000be100000)
 Metaspace       used 89857K, capacity 93144K, committed 93312K, reserved 1130496K
  class space    used 10974K, capacity 11581K, committed 11648K, reserved 1048576K
Event: 1994.589 GC heap after
Heap after GC invocations=123 (full 14):
 PSYoungGen      total 349696K, used 102389K [0x00000000e0000000, 0x0000000100000000, 0x0000000100000000)
  eden space 175104K, 0% used [0x00000000e0000000,0x00000000e0000000,0x00000000eab00000)
  from space 174592K, 58% used [0x00000000eab00000,0x00000000f0efd7c0,0x00000000f5580000)
  to   space 174592K, 0% used [0x00000000f5580000,0x00000000f5580000,0x0000000100000000)
 ParOldGen       total 492544K, used 324873K [0x00000000a0000000, 0x00000000be100000, 0x00000000e0000000)
  object space 492544K, 65% used [0x00000000a0000000,0x00000000b3d42610,0x00000000be100000)
 Metaspace       used 89857K, capacity 93144K, committed 93312K, reserved 1130496K
  class space    used 10974K, capacity 11581K, committed 11648K, reserved 1048576K
}
Event: 1994.776 GC heap before
{Heap before GC invocations=124 (full 14):
 PSYoungGen      total 349696K, used 277493K [0x00000000e0000000, 0x0000000100000000, 0x0000000100000000)
  eden space 175104K, 100% used [0x00000000e0000000,0x00000000eab00000,0x00000000eab00000)
  from space 174592K, 58% used [0x00000000eab00000,0x00000000f0efd7c0,0x00000000f5580000)
  to   space 174592K, 0% used [0x00000000f5580000,0x00000000f5580000,0x0000000100000000)
 ParOldGen       total 492544K, used 324873K [0x00000000a0000000, 0x00000000be100000, 0x00000000e0000000)
  object space 492544K, 65% used [0x00000000a0000000,0x00000000b3d42610,0x00000000be100000)
 Metaspace       used 89857K, capacity 93144K, committed 93312K, reserved 1130496K
  class space    used 10974K, capacity 11581K, committed 11648K, reserved 1048576K
Event: 1994.918 GC heap after
Heap after GC invocations=124 (full 14):
 PSYoungGen      total 349696K, used 77644K [0x00000000e0000000, 0x0000000100000000, 0x0000000100000000)
  eden space 175104K, 0% used [0x00000000e0000000,0x00000000e0000000,0x00000000eab00000)
  from space 174592K, 44% used [0x00000000f5580000,0x00000000fa1533a0,0x0000000100000000)
  to   space 174592K, 0% used [0x00000000eab00000,0x00000000eab00000,0x00000000f5580000)
 ParOldGen       total 492544K, used 375990K [0x00000000a0000000, 0x00000000be100000, 0x00000000e0000000)
  object space 492544K, 76% used [0x00000000a0000000,0x00000000b6f2d878,0x00000000be100000)
 Metaspace       used 89857K, capacity 93144K, committed 93312K, reserved 1130496K
  class space    used 10974K, capacity 11581K, committed 11648K, reserved 1048576K
}
Event: 1995.160 GC heap before
{Heap before GC invocations=125 (full 14):
 PSYoungGen      total 349696K, used 252748K [0x00000000e0000000, 0x0000000100000000, 0x0000000100000000)
  eden space 175104K, 100% used [0x00000000e0000000,0x00000000eab00000,0x00000000eab00000)
  from space 174592K, 44% used [0x00000000f5580000,0x00000000fa1533a0,0x0000000100000000)
  to   space 174592K, 0% used [0x00000000eab00000,0x00000000eab00000,0x00000000f5580000)
 ParOldGen       total 492544K, used 375990K [0x00000000a0000000, 0x00000000be100000, 0x00000000e0000000)
  object space 492544K, 76% used [0x00000000a0000000,0x00000000b6f2d878,0x00000000be100000)
 Metaspace       used 89857K, capacity 93144K, committed 93312K, reserved 1130496K
  class space    used 10974K, capacity 11581K, committed 11648K, reserved 1048576K
Event: 1995.306 GC heap after
Heap after GC invocations=125 (full 14):
 PSYoungGen      total 349696K, used 52222K [0x00000000e0000000, 0x0000000100000000, 0x0000000100000000)
  eden space 175104K, 0% used [0x00000000e0000000,0x00000000e0000000,0x00000000eab00000)
  from space 174592K, 29% used [0x00000000eab00000,0x00000000eddffa98,0x00000000f5580000)
  to   space 174592K, 0% used [0x00000000f5580000,0x00000000f5580000,0x0000000100000000)
 ParOldGen       total 492544K, used 425989K [0x00000000a0000000, 0x00000000be100000, 0x00000000e0000000)
  object space 492544K, 86% used [0x00000000a0000000,0x00000000ba001590,0x00000000be100000)
 Metaspace       used 89857K, capacity 93144K, committed 93312K, reserved 1130496K
  class space    used 10974K, capacity 11581K, committed 11648K, reserved 1048576K
}
Event: 1995.306 GC heap before
{Heap before GC invocations=126 (full 15):
 PSYoungGen      total 349696K, used 52222K [0x00000000e0000000, 0x0000000100000000, 0x0000000100000000)
  eden space 175104K, 0% used [0x00000000e0000000,0x00000000e0000000,0x00000000eab00000)
  from space 174592K, 29% used [0x00000000eab00000,0x00000000eddffa98,0x00000000f5580000)
  to   space 174592K, 0% used [0x00000000f5580000,0x00000000f5580000,0x0000000100000000)
 ParOldGen       total 492544K, used 425989K [0x00000000a0000000, 0x00000000be100000, 0x00000000e0000000)
  object space 492544K, 86% used [0x00000000a0000000,0x00000000ba001590,0x00000000be100000)
 Metaspace       used 89857K, capacity 93144K, committed 93312K, reserved 1130496K
  class space    used 10974K, capacity 11581K, committed 11648K, reserved 1048576K

